<?xml version="1.0" encoding="UTF-8"?>
<!-- Generated by org.testng.reporters.JUnitXMLReporter -->
<testsuite hostname="DESKTOP-DC5B0LR" name="Test1" tests="1" failures="1" timestamp="31 May 2020 12:51:07 GMT" time="39.45" errors="0">
  <testcase name="basePageNavigation" time="36.322" classname="Academy.ValidationTitle">
    <failure type="junit.framework.ComparisonFailure" message="expected:&amp;lt;Your Store&amp;gt; but was:&amp;lt;lop&amp;gt;">
      <![CDATA[junit.framework.ComparisonFailure: expected:<Your Store> but was:<lop>
	at junit.framework.Assert.assertEquals(Assert.java:81)
	at junit.framework.Assert.assertEquals(Assert.java:87)
	at Academy.ValidationTitle.basePageNavigation(ValidationTitle.java:34)
	at java.util.concurrent.FutureTask.run(FutureTask.java:266)
	at java.util.concurrent.ThreadPoolExecutor.runWorker(ThreadPoolExecutor.java:1149)
	at java.util.concurrent.ThreadPoolExecutor$Worker.run(ThreadPoolExecutor.java:624)
	at java.lang.Thread.run(Thread.java:748)
... Removed 16 stack frames]]>
    </failure>
  </testcase> <!-- basePageNavigation -->
</testsuite> <!-- Test1 -->
