<?xml version="1.0" encoding="UTF-8"?>
<!-- Generated by org.testng.reporters.JUnitXMLReporter -->
<testsuite hostname="DESKTOP-DC5B0LR" name="Test" tests="1" failures="1" timestamp="31 May 2020 11:43:41 GMT" time="23.344" errors="0">
  <testcase name="basePageNavigation" time="19.251" classname="Academy.ValidationTitle">
    <failure type="junit.framework.ComparisonFailure" message="expected:&amp;lt;Your Store&amp;gt; but was:&amp;lt;lop&amp;gt;">
      <![CDATA[junit.framework.ComparisonFailure: expected:<Your Store> but was:<lop>
	at junit.framework.Assert.assertEquals(Assert.java:81)
	at junit.framework.Assert.assertEquals(Assert.java:87)
	at Academy.ValidationTitle.basePageNavigation(ValidationTitle.java:34)
... Removed 24 stack frames]]>
    </failure>
  </testcase> <!-- basePageNavigation -->
</testsuite> <!-- Test -->
