<?xml version="1.0" encoding="UTF-8"?>
<!-- Generated by org.testng.reporters.JUnitXMLReporter -->
<testsuite hostname="DESKTOP-DC5B0LR" name="Test" tests="5" failures="0" timestamp="30 May 2020 18:03:24 GMT" time="90.05" errors="0">
  <testcase name="basePageNavigation" time="18.137" classname="Academy.ValidationTitle"/>
  <testcase name="basePageNavigation" time="14.917" classname="Academy.Homepage"/>
  <testcase name="basePageNavigation" time="15.516" classname="Academy.Homepage"/>
  <testcase name="basePageNavigation" time="16.817" classname="Academy.Homepageclone"/>
  <testcase name="basePageNavigation" time="18.514" classname="Academy.Homepageclone"/>
</testsuite> <!-- Test -->
